<?xml version="1.0" encoding="UTF-8"?>
<Site BuildName="(empty)"
	BuildStamp="20231116-0613-Experimental"
	Name="(empty)"
	Generator="ctest-3.22.1"
	CompilerName=""
	CompilerVersion=""
	OSName="Linux"
	Hostname="hxm-virtual-machine"
	OSRelease="6.2.0-36-generic"
	OSVersion="#37~22.04.1-Ubuntu SMP PREEMPT_DYNAMIC Mon Oct  9 15:34:04 UTC 2"
	OSPlatform="x86_64"
	Is64Bits="1"
	VendorString="GenuineIntel"
	VendorID="Intel Corporation"
	FamilyID="6"
	ModelID="141"
	ProcessorCacheSize="12288"
	NumberOfLogicalCPU="4"
	NumberOfPhysicalCPU="4"
	TotalVirtualMemory="3649"
	TotalPhysicalMemory="1923"
	LogicalProcessorsPerPhysical="1"
	ProcessorClockFrequency="2688.01"
	>
	<Testing>
		<StartDateTime>Nov 16 02:13 AST</StartDateTime>
		<StartTestTime>1700115196</StartTestTime>
		<TestList/>
		<EndDateTime>Nov 16 02:13 AST</EndDateTime>
		<EndTestTime>1700115196</EndTestTime>
		<ElapsedMinutes>0</ElapsedMinutes>
	</Testing>
</Site>
